

<!DOCTYPE html>
<html>
<head>
<meta charset="UTF-8">
<meta name="viewport" content="width=device-width, initial-scale=1, shrink-to-fit=no">
<title>Extent Report</title>
<link rel="apple-touch-icon" href="https://cdn.jsdelivr.net/gh/extent-framework/extent-github-cdn@b00a2d0486596e73dd7326beacf352c639623a0e/commons/img/logo.png">
<link rel="shortcut icon" href="https://cdn.jsdelivr.net/gh/extent-framework/extent-github-cdn@b00a2d0486596e73dd7326beacf352c639623a0e/commons/img/logo.png">
<link href="https://cdn.jsdelivr.net/gh/extent-framework/extent-github-cdn@d6562a79075e061305ccfdb82f01e5e195e2d307/spark/css/spark-style.css" rel="stylesheet" />
<link href="https://stackpath.bootstrapcdn.com/font-awesome/4.7.0/css/font-awesome.min.css" rel="stylesheet">
<script src="https://cdn.jsdelivr.net/gh/extent-framework/extent-github-cdn@7cc78ce/spark/js/jsontree.js"></script>
<style type="text/css"></style></head><body class="spa bdd-report dark">
  <div class="app">
    <div class="layout">
<div class="header navbar">
<div class="vheader">
<div class="nav-logo">
<a href="#">
<div class="logo" style="background-image: url('https://cdn.jsdelivr.net/gh/extent-framework/extent-github-cdn@b00a2d0486596e73dd7326beacf352c639623a0e/commons/img/logo.png')"></div>
</a>
</div>
<ul class="nav-left">
<li class="search-box">
<a class="search-toggle" href="#">
<i class="search-icon fa fa-search"></i>
<i class="search-icon-close fa fa-close"></i>
</a>
</li>
<li class="search-input"><input id="search-tests" class="form-control" type="text" placeholder="Search..."></li>
</ul>
<ul class="nav-right">
<li class="m-r-10">
<a href="#"><span class="badge badge-primary">Nopcommerce Report</span></a>
</li>
<li class="m-r-10">
<a href="#"><span class="badge badge-primary">Dec 19, 2023 10:21:35 pm</span></a>
</li>
</ul>
</div>
</div><div class="side-nav">
<div class="side-nav-inner">
<ul class="side-nav-menu">
<li class="nav-item dropdown" onclick="toggleView('dashboard-view')">
<a id="nav-dashboard" class="dropdown-toggle" href="#">
<span class="ico"><i class="fa fa-bar-chart"></i></span>
</a>
</li>
<li class="nav-item dropdown" onclick="toggleView('test-view')">
<a id="nav-test" class="dropdown-toggle" href="#">
<span class="ico"><i class="fa fa-list"></i></span>
</a>
</li>
<li class="nav-item dropdown" onclick="toggleView('category-view')">
<a id="nav-category" class="dropdown-toggle" href="#">
<span class="ico"><i class="fa fa-tag"></i></span>
</a>
</li>
<li class="nav-item dropdown" onclick="toggleView('exception-view')">
<a id="nav-exception" class="dropdown-toggle" href="#">
<span class="ico"><i class="fa fa-bug"></i></span>
</a>
</li>
</ul>
</div>
</div>      <div class="vcontainer">
        <div class="main-content">
<div class="container-fluid p-4 view dashboard-view">
<div class="row">
<div class="col-md-3">
<div class="card"><div class="card-body">
<p class="m-b-0">Started</p>
<h3>Dec 19, 2023 10:21:35 pm</h3>
</div></div>
</div>
<div class="col-md-3">
<div class="card"><div class="card-body">
<p class="m-b-0">Ended</p>
<h3>Dec 19, 2023 10:23:37 pm</h3>
</div></div>
</div>
<div class="col-md-3">
<div class="card"><div class="card-body">
<p class="m-b-0 text-pass">Features Passed</p>
<h3>0</h3>
</div></div>
</div>
<div class="col-md-3">
<div class="card"><div class="card-body">
<p class="m-b-0 text-fail">Features Failed</p>
<h3>3</h3>
</div></div>
</div>
</div>
<div class="row">
<div class="col-md-4">
<div class="card">
<div class="card-header">
<h6 class="card-title">Features</h6>
</div>
<div class="card-body">
<div class="">
<canvas id='parent-analysis' width='115' height='90'></canvas>
</div>
</div>
<div class="card-footer">
<div><small data-tooltip='0%'>
<b>0</b> features passed
</small>
</div>
<div>
<small data-tooltip='100%'><b>3</b> features failed,
<b>0</b> skipped, <b data-tooltip='0%'>0</b> others
</small>
</div>
</div>
</div>
</div>
<div class="col-md-4">
<div class="card">
<div class="card-header">
<h6 class="card-title">Scenarios</h6>
</div>
<div class="card-body">
<div class="">
<canvas id='child-analysis' width='115' height='90'></canvas>
</div>
</div>
<div class="card-footer">
<div><small data-tooltip='30%'><b>3</b> scenarios passed</small></div>
<div>
<small data-tooltip='70%'><b>7</b> scenarios failed,
<b>0</b> skipped, <b data-tooltip='%'>0</b> others
</small>
</div>
</div>
</div>
</div>
<div class="col-md-4">
<div class="card">
<div class="card-header">
<h6 class="card-title">Steps</h6>
</div>
<div class="card-body">
<div class="">
<canvas id='grandchild-analysis' width='115' height='90'></canvas>
</div>
</div>
<div class="card-footer">
<div><small data-tooltip='93%'><b>100</b> steps passed</small></div>
<div>
<small data-tooltip='6%'><b>7</b> steps failed,
<b>0</b> skipped, <b data-tooltip='%'>0</b> others
</small>
</div>
</div>
</div>
</div>
</div>
<div class="row"><div class="col-md-12">
<div class="card"><div class="card-header"><p>Timeline</p></div>
<div class="card-body pt-0"><div>
<canvas id="timeline" height="120"></canvas>
</div></div>
</div>
</div></div>
<script>
var timeline = {
"Computer Page":19.953,"Login Feature":18.973,"Register Feature":80.562
};
</script>
<div class="row">
<div class="col-lg-6 col-md-12 category-container">
<div class="card">
<div class="card-header"><p>Tags</p></div>
<div class="card-body pb-0 pt-0"><table class="table table-sm table-bordered">
<thead><tr class="bg-gray"><th>Name</th><th>Passed</th><th>Failed</th><th>Skipped</th><th>Others</th><th>Passed %</th></tr></thead><tbody>
<tr>
<td>@regression</td>
<td>3</td>
<td>7</td>
<td>0</td>
<td>0</td>
<td>30%</td>
</tr>
</tbody>
</table></div>
</div>
</div>
<div class="col-lg-6 col-md-12 sysenv-container">
<div class="card">
<div class="card-header"><p>System/Environment</p></div>
<div class="card-body pb-0 pt-0"><table class="table table-sm table-bordered">
<thead><tr class="bg-gray"><th>Name</th><th>Value</th></tr></thead>
<tbody>
<tr>
<td>Engineer</td>
<td>Khyati Savla</td>
</tr>
<tr>
<td>Project</td>
<td>Nop commerce</td>
</tr>
<tr>
<td>os</td>
<td>Windows</td>
</tr>
</tbody>
</table></div>
</div>
</div>
</div>
</div>
<script>
var statusGroup = {
parentCount: 5,
passParent: 0,
failParent: 3,
warningParent: 0,
skipParent: 0,
childCount: 5,
passChild: 3,
failChild: 7,
warningChild: 0,
skipChild: 0,
infoChild: 0,
grandChildCount: 5,
passGrandChild: 100,
failGrandChild: 7,
warningGrandChild: 0,
skipGrandChild: 0,
infoGrandChild: 0,
eventsCount: 5,
};
</script><div class="test-wrapper row view test-view">
  <div class="test-list">
    <div class="test-list-tools">
<ul class="tools pull-left">
<li><a href="#"><span class="font-size-14">Tests</span></a></li>
</ul>
<ul class="tools text-right">
<li class="dropdown">
<a href="#" class="dropdown-toggle" data-toggle="dropdown"><i class="fa fa-exclamation-circle"></i></a>
<ul id="status-toggle" class="dropdown-menu dropdown-md p-v-0">
<a class="dropdown-item" status="fail" href="#"><span>Fail</span><span class="status danger"></span></a>
<div class="dropdown-divider"></div>
<a status="clear" class="dropdown-item" href="#"><span>Clear</span><span class="pull-right"><i class="fa fa-close"></i></span></a>
</ul>
</li>
<li class="dropdown">
<a href="#" class="dropdown-toggle" data-toggle="dropdown"><i class="fa fa-tag"></i></a>
<ul id="tag-toggle" class="dropdown-menu dropdown-md p-v-0">
<a class="dropdown-item" href="#">@regression</a>
</ul>
</li>
</ul>
</div>    <div class="test-list-wrapper scrollable">
      <ul class="test-list-item">
        <li class="test-item"  status="fail" test-id="1"
          author=""
          tag=""
          device="">
          <div class="test-detail">
            <p class="name">Computer Page</p>
            <p class="text-sm">
              <span>22:21:37</span> / <span>00:00:19:953</span>
              <span class="badge fail-bg log float-right">Fail</span>
            </p>
          </div>
          <div class="test-contents d-none">
<div class="detail-head">
<div class="p-v-10">
<div class="info">
<h5 class="test-status text-fail">Computer Page</h5>
<span class='badge badge-success'>12.19.2023 22:21:37</span>
<span class='badge badge-danger'>12.19.2023 22:21:57</span>
<span class='badge badge-default'>00:00:19:953</span>
&middot; <span class='uri-anchor badge badge-default'>#test-id=1</span>
<span class='badge badge-default pointer float-right ml-1 et'><i class="fa fa-chevron-down"></i></span>
<span class='badge badge-default pointer float-right ct'><i class="fa fa-chevron-up"></i></span>
</div>
<div class="m-t-10 m-l-5"> As a user
I want to verify computer page functionality</div>
</div>
</div>
<div class="accordion mt-4">
  <div class="card">
    <div class="card-header" role="tab">
      <div class="card-title">
        <div class="node" id="2"><span class="badge log fail-bg mr-2">Fail</span>verify That User Should Build Your Own Computer And Add Them To Cart Successfully</div>
          <div class="status-avatar float-right mr-4">
            <i class="fa fa-paperclip"></i>
          </div>
      </div>
    </div>
        <div class="scenario_outline ">
            <div class="card-body l1">
              <div class="card-header">
                <div class="card-title outline-child">
                  <div class="node" id="3"><span class="badge log fail-bg mr-2">Fail</span>verify That User Should Build Your Own Computer And Add Them To Cart Successfully</div>
                    <div class="status-avatar float-right">
                      <i class="fa fa-paperclip"></i>
                    </div>
                </div>
              </div>
              <div class="card-body mt-3 ">
                  <div class="step pass-bg">
                    <span>Given I am on homepage</span>
      <div>
      </div>
                  </div>
                  <div class="step pass-bg">
                    <span>When I click on Computer tab</span>
      <div>
      </div>
                  </div>
                  <div class="step pass-bg">
                    <span>And I click on Desktops link</span>
      <div>
      </div>
                  </div>
                  <div class="step pass-bg">
                    <span>And I should navigate to desktops page successfully</span>
      <div>
      </div>
                  </div>
                  <div class="step pass-bg">
                    <span>And I click on the product name "Build your own computer"</span>
      <div>
      </div>
                  </div>
                  <div class="step pass-bg">
                    <span>And I select processor "2.2 GHz Intel Pentium Dual-Core E2200"</span>
      <div>
      </div>
                  </div>
                  <div class="step pass-bg">
                    <span>And I select RAM "2 GB"</span>
      <div>
      </div>
                  </div>
                  <div class="step pass-bg">
                    <span>And I select HDD "320 GB"</span>
      <div>
      </div>
                  </div>
                  <div class="step pass-bg">
                    <span>And I select OS "Vista Home [+$50.00]"</span>
      <div>
      </div>
                  </div>
                  <div class="step pass-bg">
                    <span>And I select software "Microsoft Office [+$50.00]"</span>
      <div>
      </div>
                  </div>
                  <div class="step pass-bg">
                    <span>And I click on add to cart button</span>
      <div>
      </div>
                  </div>
                  <div class="step fail-bg">
                    <span>Then I should see product has been added to your shopping cart and get confirmation message</span>
      <div>
        <textarea disabled class="code-block">java.lang.AssertionError: Product does not added to cart expected [The product has been added to your shopping cart] but found [Please select HDD]
	at org.testng.Assert.fail(Assert.java:111)
	at org.testng.Assert.failNotEquals(Assert.java:1578)
	at org.testng.Assert.assertEqualsImpl(Assert.java:150)
	at org.testng.Assert.assertEquals(Assert.java:132)
	at org.testng.Assert.assertEquals(Assert.java:656)
	at com.nopcommerce.demo.steps.ComputerSteps.iShouldSeeProductHasBeenAddedToYourShoppingCartAndGetConfirmationMessage(ComputerSteps.java:72)
	at ✽.I should see product has been added to your shopping cart and get confirmation message(file:///C:/Users/khyat/IdeaProjects/nop-commerce-demo-cucumber-sw-6/src/test/resources/features/computer.feature:28)
</textarea>
      
      </div>
                  </div>
                  <div class="step pass-bg">
                    <span>com.nopcommerce.demo.steps.Hook.tearDown(io.cucumber.java.Scenario)</span>
      <div>verify That User Should Build Your Own Computer And Add Them To Cart Successfully
          <div class="row mb-3"><div class="col-md-3">
<img data-featherlight='../screenshots/embedded1.png' src="../screenshots/embedded1.png">
    
    </div></div>
</div>
      <div>
      </div>
                  </div>
              </div>
            </div>
            <div class="card-body l1">
              <div class="card-header">
                <div class="card-title outline-child">
                  <div class="node" id="18"><span class="badge log fail-bg mr-2">Fail</span>verify That User Should Build Your Own Computer And Add Them To Cart Successfully</div>
                    <div class="status-avatar float-right">
                      <i class="fa fa-paperclip"></i>
                    </div>
                </div>
              </div>
              <div class="card-body mt-3 ">
                  <div class="step pass-bg">
                    <span>Given I am on homepage</span>
      <div>
      </div>
                  </div>
                  <div class="step pass-bg">
                    <span>When I click on Computer tab</span>
      <div>
      </div>
                  </div>
                  <div class="step pass-bg">
                    <span>And I click on Desktops link</span>
      <div>
      </div>
                  </div>
                  <div class="step pass-bg">
                    <span>And I should navigate to desktops page successfully</span>
      <div>
      </div>
                  </div>
                  <div class="step pass-bg">
                    <span>And I click on the product name "Build your own computer"</span>
      <div>
      </div>
                  </div>
                  <div class="step pass-bg">
                    <span>And I select processor "2.5 GHz Intel Pentium Dual-Core E2200 [+$15.00]"</span>
      <div>
      </div>
                  </div>
                  <div class="step pass-bg">
                    <span>And I select RAM "4GB [+$20.00]"</span>
      <div>
      </div>
                  </div>
                  <div class="step pass-bg">
                    <span>And I select HDD "400 GB [+$100.00]"</span>
      <div>
      </div>
                  </div>
                  <div class="step pass-bg">
                    <span>And I select OS "Vista Premium [+$60.00]"</span>
      <div>
      </div>
                  </div>
                  <div class="step pass-bg">
                    <span>And I select software "Acrobat Reader [+$10.00]"</span>
      <div>
      </div>
                  </div>
                  <div class="step pass-bg">
                    <span>And I click on add to cart button</span>
      <div>
      </div>
                  </div>
                  <div class="step fail-bg">
                    <span>Then I should see product has been added to your shopping cart and get confirmation message</span>
      <div>
        <textarea disabled class="code-block">java.lang.AssertionError: Product does not added to cart expected [The product has been added to your shopping cart] but found [Please select HDD]
	at org.testng.Assert.fail(Assert.java:111)
	at org.testng.Assert.failNotEquals(Assert.java:1578)
	at org.testng.Assert.assertEqualsImpl(Assert.java:150)
	at org.testng.Assert.assertEquals(Assert.java:132)
	at org.testng.Assert.assertEquals(Assert.java:656)
	at com.nopcommerce.demo.steps.ComputerSteps.iShouldSeeProductHasBeenAddedToYourShoppingCartAndGetConfirmationMessage(ComputerSteps.java:72)
	at ✽.I should see product has been added to your shopping cart and get confirmation message(file:///C:/Users/khyat/IdeaProjects/nop-commerce-demo-cucumber-sw-6/src/test/resources/features/computer.feature:28)
</textarea>
      
      </div>
                  </div>
                  <div class="step pass-bg">
                    <span>com.nopcommerce.demo.steps.Hook.tearDown(io.cucumber.java.Scenario)</span>
      <div>verify That User Should Build Your Own Computer And Add Them To Cart Successfully
          <div class="row mb-3"><div class="col-md-3">
<img data-featherlight='../screenshots/embedded2.png' src="../screenshots/embedded2.png">
    
    </div></div>
</div>
      <div>
      </div>
                  </div>
              </div>
            </div>
            <div class="card-body l1">
              <div class="card-header">
                <div class="card-title outline-child">
                  <div class="node" id="33"><span class="badge log fail-bg mr-2">Fail</span>verify That User Should Build Your Own Computer And Add Them To Cart Successfully</div>
                    <div class="status-avatar float-right">
                      <i class="fa fa-paperclip"></i>
                    </div>
                </div>
              </div>
              <div class="card-body mt-3 ">
                  <div class="step pass-bg">
                    <span>Given I am on homepage</span>
      <div>
      </div>
                  </div>
                  <div class="step pass-bg">
                    <span>When I click on Computer tab</span>
      <div>
      </div>
                  </div>
                  <div class="step pass-bg">
                    <span>And I click on Desktops link</span>
      <div>
      </div>
                  </div>
                  <div class="step pass-bg">
                    <span>And I should navigate to desktops page successfully</span>
      <div>
      </div>
                  </div>
                  <div class="step pass-bg">
                    <span>And I click on the product name "Build your own computer"</span>
      <div>
      </div>
                  </div>
                  <div class="step pass-bg">
                    <span>And I select processor "2.5 GHz Intel Pentium Dual-Core E2200 [+$15.00]"</span>
      <div>
      </div>
                  </div>
                  <div class="step pass-bg">
                    <span>And I select RAM "8GB [+$60.00]"</span>
      <div>
      </div>
                  </div>
                  <div class="step pass-bg">
                    <span>And I select HDD "320 GB"</span>
      <div>
      </div>
                  </div>
                  <div class="step pass-bg">
                    <span>And I select OS "Vista Home [+$50.00]"</span>
      <div>
      </div>
                  </div>
                  <div class="step pass-bg">
                    <span>And I select software "Total Commander [+$5.00]"</span>
      <div>
      </div>
                  </div>
                  <div class="step pass-bg">
                    <span>And I click on add to cart button</span>
      <div>
      </div>
                  </div>
                  <div class="step fail-bg">
                    <span>Then I should see product has been added to your shopping cart and get confirmation message</span>
      <div>
        <textarea disabled class="code-block">java.lang.AssertionError: Product does not added to cart expected [The product has been added to your shopping cart] but found [Please select HDD]
	at org.testng.Assert.fail(Assert.java:111)
	at org.testng.Assert.failNotEquals(Assert.java:1578)
	at org.testng.Assert.assertEqualsImpl(Assert.java:150)
	at org.testng.Assert.assertEquals(Assert.java:132)
	at org.testng.Assert.assertEquals(Assert.java:656)
	at com.nopcommerce.demo.steps.ComputerSteps.iShouldSeeProductHasBeenAddedToYourShoppingCartAndGetConfirmationMessage(ComputerSteps.java:72)
	at ✽.I should see product has been added to your shopping cart and get confirmation message(file:///C:/Users/khyat/IdeaProjects/nop-commerce-demo-cucumber-sw-6/src/test/resources/features/computer.feature:28)
</textarea>
      
      </div>
                  </div>
                  <div class="step pass-bg">
                    <span>com.nopcommerce.demo.steps.Hook.tearDown(io.cucumber.java.Scenario)</span>
      <div>verify That User Should Build Your Own Computer And Add Them To Cart Successfully
          <div class="row mb-3"><div class="col-md-3">
<img data-featherlight='../screenshots/embedded3.png' src="../screenshots/embedded3.png">
    
    </div></div>
</div>
      <div>
      </div>
                  </div>
              </div>
            </div>
        </div>
  </div>
</div>
          </div>
        </li>
        <li class="test-item"  status="fail" test-id="48"
          author=""
          tag=""
          device="">
          <div class="test-detail">
            <p class="name">Login Feature</p>
            <p class="text-sm">
              <span>22:21:57</span> / <span>00:00:18:973</span>
              <span class="badge fail-bg log float-right">Fail</span>
            </p>
          </div>
          <div class="test-contents d-none">
<div class="detail-head">
<div class="p-v-10">
<div class="info">
<h5 class="test-status text-fail">Login Feature</h5>
<span class='badge badge-success'>12.19.2023 22:21:57</span>
<span class='badge badge-danger'>12.19.2023 22:22:16</span>
<span class='badge badge-default'>00:00:18:973</span>
&middot; <span class='uri-anchor badge badge-default'>#test-id=48</span>
<span class='badge badge-default pointer float-right ml-1 et'><i class="fa fa-chevron-down"></i></span>
<span class='badge badge-default pointer float-right ct'><i class="fa fa-chevron-up"></i></span>
</div>
<div class="m-t-10 m-l-5"> In Order to perform successful login
As a User
I have to enter correct username and password</div>
</div>
</div>
<div class="accordion mt-4">
  <div class="card">
    <div class="card-header" role="tab">
      <div class="card-title">
        <div class="node" id="49"><span class="badge log fail-bg mr-2">Fail</span>Verify the error message with invalid credentials</div>
          <div class="status-avatar float-right mr-4">
            <i class="fa fa-paperclip"></i>
          </div>
      </div>
    </div>
        <div class="scenario_outline ">
            <div class="card-body l1">
              <div class="card-header">
                <div class="card-title outline-child">
                  <div class="node" id="50"><span class="badge log fail-bg mr-2">Fail</span>Verify the error message with invalid credentials</div>
                    <div class="status-avatar float-right">
                      <i class="fa fa-paperclip"></i>
                    </div>
                </div>
              </div>
              <div class="card-body mt-3 ">
                  <div class="step pass-bg">
                    <span>Given I am on homepage</span>
      <div>
      </div>
                  </div>
                  <div class="step pass-bg">
                    <span>When I click on login link</span>
      <div>
      </div>
                  </div>
                  <div class="step pass-bg">
                    <span>And I enter email "abcd123@gmail.com"</span>
      <div>
      </div>
                  </div>
                  <div class="step pass-bg">
                    <span>And I enter password "xyz123"</span>
      <div>
      </div>
                  </div>
                  <div class="step pass-bg">
                    <span>And I click on login button</span>
      <div>
      </div>
                  </div>
                  <div class="step fail-bg">
                    <span>Then I should see the error message "Login was unsuccessful. Please correct the errors and try again.
No customer account found"</span>
      <div>
        <textarea disabled class="code-block">java.lang.AssertionError: Error message not displayed expected [Login was unsuccessful. Please correct the errors and try again.
No customer account found] but found [Login was unsuccessful. Please correct the errors and try again.
The credentials provided are incorrect]
	at org.testng.Assert.fail(Assert.java:111)
	at org.testng.Assert.failNotEquals(Assert.java:1578)
	at org.testng.Assert.assertEqualsImpl(Assert.java:150)
	at org.testng.Assert.assertEquals(Assert.java:132)
	at org.testng.Assert.assertEquals(Assert.java:656)
	at com.nopcommerce.demo.steps.LoginSteps.iShouldSeeTheErrorMessage(LoginSteps.java:51)
	at ✽.I should see the error message "Login was unsuccessful. Please correct the errors and try again.
No customer account found"(file:///C:/Users/khyat/IdeaProjects/nop-commerce-demo-cucumber-sw-6/src/test/resources/features/login.feature:28)
</textarea>
      
      </div>
                  </div>
                  <div class="step pass-bg">
                    <span>com.nopcommerce.demo.steps.Hook.tearDown(io.cucumber.java.Scenario)</span>
      <div>Verify the error message with invalid credentials
          <div class="row mb-3"><div class="col-md-3">
<img data-featherlight='../screenshots/embedded4.png' src="../screenshots/embedded4.png">
    
    </div></div>
</div>
      <div>
      </div>
                  </div>
              </div>
            </div>
            <div class="card-body l1">
              <div class="card-header">
                <div class="card-title outline-child">
                  <div class="node" id="59"><span class="badge log pass-bg mr-2">Pass</span>Verify the error message with invalid credentials</div>
                </div>
              </div>
              <div class="card-body mt-3 collapse">
                  <div class="step pass-bg">
                    <span>Given I am on homepage</span>
      <div>
      </div>
                  </div>
                  <div class="step pass-bg">
                    <span>When I click on login link</span>
      <div>
      </div>
                  </div>
                  <div class="step pass-bg">
                    <span>And I enter email "xyz123@gmail.com"</span>
      <div>
      </div>
                  </div>
                  <div class="step pass-bg">
                    <span>And I enter password "abc123"</span>
      <div>
      </div>
                  </div>
                  <div class="step pass-bg">
                    <span>And I click on login button</span>
      <div>
      </div>
                  </div>
                  <div class="step pass-bg">
                    <span>Then I should see the error message "Login was unsuccessful. Please correct the errors and try again.
No customer account found"</span>
      <div>
      </div>
                  </div>
              </div>
            </div>
            <div class="card-body l1">
              <div class="card-header">
                <div class="card-title outline-child">
                  <div class="node" id="68"><span class="badge log pass-bg mr-2">Pass</span>Verify the error message with invalid credentials</div>
                </div>
              </div>
              <div class="card-body mt-3 collapse">
                  <div class="step pass-bg">
                    <span>Given I am on homepage</span>
      <div>
      </div>
                  </div>
                  <div class="step pass-bg">
                    <span>When I click on login link</span>
      <div>
      </div>
                  </div>
                  <div class="step pass-bg">
                    <span>And I enter email "adfafasd@gmail.com"</span>
      <div>
      </div>
                  </div>
                  <div class="step pass-bg">
                    <span>And I enter password "xyz123"</span>
      <div>
      </div>
                  </div>
                  <div class="step pass-bg">
                    <span>And I click on login button</span>
      <div>
      </div>
                  </div>
                  <div class="step pass-bg">
                    <span>Then I should see the error message "Login was unsuccessful. Please correct the errors and try again.
No customer account found"</span>
      <div>
      </div>
                  </div>
              </div>
            </div>
        </div>
  </div>
  <div class="card">
    <div class="card-header" role="tab">
      <div class="card-title">
        <div class="node" id="77"><span class="badge log pass-bg mr-2">Pass</span>VerifyThatUserShouldLogOutSuccessFully</div>
      </div>
    </div>
        <div class="collapse">
          <div class="card-body">
              <div class="step pass-bg" title="com.nopcommerce.demo.steps.LoginSteps.iAmOnHomepage()">
                <span>Given I am on homepage</span>
      <div>
      </div>
              </div>
              <div class="step pass-bg" title="com.nopcommerce.demo.steps.LoginSteps.iClickOnLoginLink()">
                <span>When I click on login link</span>
      <div>
      </div>
              </div>
              <div class="step pass-bg" title="com.nopcommerce.demo.steps.LoginSteps.iEnterEmail(java.lang.String)">
                <span>And I enter email "khyatisavla01@gmail.com"</span>
      <div>
      </div>
              </div>
              <div class="step pass-bg" title="com.nopcommerce.demo.steps.LoginSteps.iEnterPassword(java.lang.String)">
                <span>And I enter password "khyati123"</span>
      <div>
      </div>
              </div>
              <div class="step pass-bg" title="com.nopcommerce.demo.steps.LoginSteps.iClickOnLoginButton()">
                <span>And I click on login button</span>
      <div>
      </div>
              </div>
              <div class="step pass-bg" title="com.nopcommerce.demo.steps.LoginSteps.iClickOnLogOutLink()">
                <span>And I click on logOut link</span>
      <div>
      </div>
              </div>
              <div class="step pass-bg" title="com.nopcommerce.demo.steps.LoginSteps.iShouldSeeTheHomePageDisplayedWithMessage(java.lang.String)">
                <span>Then I should see the Home page displayed with "Welcome to our store" message</span>
      <div>
      </div>
              </div>
          </div>
        </div>
  </div>
</div>
          </div>
        </li>
        <li class="test-item"  status="fail" test-id="87"
          author=""
          tag=""
          device="">
          <div class="test-detail">
            <p class="name">Register Feature</p>
            <p class="text-sm">
              <span>22:22:16</span> / <span>00:01:20:562</span>
              <span class="badge fail-bg log float-right">Fail</span>
            </p>
          </div>
          <div class="test-contents d-none">
<div class="detail-head">
<div class="p-v-10">
<div class="info">
<h5 class="test-status text-fail">Register Feature</h5>
<span class='badge badge-success'>12.19.2023 22:22:16</span>
<span class='badge badge-danger'>12.19.2023 22:23:37</span>
<span class='badge badge-default'>00:01:20:562</span>
&middot; <span class='uri-anchor badge badge-default'>#test-id=87</span>
<span class='badge badge-default pointer float-right ml-1 et'><i class="fa fa-chevron-down"></i></span>
<span class='badge badge-default pointer float-right ct'><i class="fa fa-chevron-up"></i></span>
</div>
<div class="m-t-10 m-l-5"> As a user, I want to register into the nop commerce website</div>
</div>
</div>
<div class="accordion mt-4">
  <div class="card">
    <div class="card-header" role="tab">
      <div class="card-title">
        <div class="node" id="88"><span class="badge log fail-bg mr-2">Fail</span>User should create account successfully</div>
          <div class="status-avatar float-right mr-4">
            <i class="fa fa-paperclip"></i>
          </div>
      </div>
    </div>
        <div class="scenario_outline ">
            <div class="card-body l1">
              <div class="card-header">
                <div class="card-title outline-child">
                  <div class="node" id="89"><span class="badge log fail-bg mr-2">Fail</span>User should create account successfully</div>
                    <div class="status-avatar float-right">
                      <i class="fa fa-paperclip"></i>
                    </div>
                </div>
              </div>
              <div class="card-body mt-3 ">
                  <div class="step pass-bg">
                    <span>Given I am on homepage</span>
      <div>
      </div>
                  </div>
                  <div class="step pass-bg">
                    <span>When I click on register link</span>
      <div>
      </div>
                  </div>
                  <div class="step pass-bg">
                    <span>And I click on radio button "Female"</span>
      <div>
      </div>
                  </div>
                  <div class="step pass-bg">
                    <span>And I enter "Khyati" in first name field</span>
      <div>
      </div>
                  </div>
                  <div class="step pass-bg">
                    <span>And I enter "Savla" in last name field</span>
      <div>
      </div>
                  </div>
                  <div class="step pass-bg">
                    <span>And I select "1" from day dropdown</span>
      <div>
      </div>
                  </div>
                  <div class="step pass-bg">
                    <span>And I select "January" from month dropdown</span>
      <div>
      </div>
                  </div>
                  <div class="step pass-bg">
                    <span>And I select "1989" from year dropdown</span>
      <div>
      </div>
                  </div>
                  <div class="step pass-bg">
                    <span>And I enter "khyatisavla01@gmail.com" in Email id field</span>
      <div>
      </div>
                  </div>
                  <div class="step pass-bg">
                    <span>And I enter "khyati123" in password field</span>
      <div>
      </div>
                  </div>
                  <div class="step pass-bg">
                    <span>And I User enter "khyati123" in confirm password field</span>
      <div>
      </div>
                  </div>
                  <div class="step pass-bg">
                    <span>And I click on register button again</span>
      <div>
      </div>
                  </div>
                  <div class="step fail-bg">
                    <span>Then I should navigate to the Home page successfully and get message "Your registration completed"</span>
      <div>
        <textarea disabled class="code-block">org.openqa.selenium.NoSuchElementException: no such element: Unable to locate element: {"method":"xpath","selector":"//div[contains(text(),'Your registration completed')]"}
  (Session info: chrome=120.0.6099.110)
For documentation on this error, please visit: https://www.selenium.dev/documentation/webdriver/troubleshooting/errors#no-such-element-exception
Build info: version: '4.16.0', revision: '15400459dd*'
System info: os.name: 'Windows 10', os.arch: 'amd64', os.version: '10.0', java.version: '17.0.8'
Driver info: org.openqa.selenium.chrome.ChromeDriver
Command: [792d6f9c16108232b6df91634a080c7d, findElement {using=xpath, value=//div[contains(text(),'Your registration completed')]}]
Capabilities {acceptInsecureCerts: false, browserName: chrome, browserVersion: 120.0.6099.110, chrome: {chromedriverVersion: 120.0.6099.109 (3419140ab66..., userDataDir: C:\Users\khyat\AppData\Loca...}, fedcm:accounts: true, goog:chromeOptions: {debuggerAddress: localhost:53132}, networkConnectionEnabled: false, pageLoadStrategy: normal, platformName: windows, proxy: Proxy(), se:cdp: ws://localhost:53132/devtoo..., se:cdpVersion: 120.0.6099.110, setWindowRect: true, strictFileInteractability: false, timeouts: {implicit: 0, pageLoad: 300000, script: 30000}, unhandledPromptBehavior: dismiss and notify, webauthn:extension:credBlob: true, webauthn:extension:largeBlob: true, webauthn:extension:minPinLength: true, webauthn:extension:prf: true, webauthn:virtualAuthenticators: true}
Session ID: 792d6f9c16108232b6df91634a080c7d
	at java.base/jdk.internal.reflect.NativeConstructorAccessorImpl.newInstance0(Native Method)
	at java.base/jdk.internal.reflect.NativeConstructorAccessorImpl.newInstance(NativeConstructorAccessorImpl.java:77)
	at java.base/jdk.internal.reflect.DelegatingConstructorAccessorImpl.newInstance(DelegatingConstructorAccessorImpl.java:45)
	at java.base/java.lang.reflect.Constructor.newInstanceWithCaller(Constructor.java:499)
	at java.base/java.lang.reflect.Constructor.newInstance(Constructor.java:480)
	at org.openqa.selenium.remote.codec.w3c.W3CHttpResponseCodec.createException(W3CHttpResponseCodec.java:200)
	at org.openqa.selenium.remote.codec.w3c.W3CHttpResponseCodec.decode(W3CHttpResponseCodec.java:133)
	at org.openqa.selenium.remote.codec.w3c.W3CHttpResponseCodec.decode(W3CHttpResponseCodec.java:52)
	at org.openqa.selenium.remote.HttpCommandExecutor.execute(HttpCommandExecutor.java:191)
	at org.openqa.selenium.remote.service.DriverCommandExecutor.invokeExecute(DriverCommandExecutor.java:200)
	at org.openqa.selenium.remote.service.DriverCommandExecutor.execute(DriverCommandExecutor.java:175)
	at org.openqa.selenium.remote.RemoteWebDriver.execute(RemoteWebDriver.java:523)
	at org.openqa.selenium.remote.ElementLocation$ElementFinder$2.findElement(ElementLocation.java:165)
	at org.openqa.selenium.remote.ElementLocation.findElement(ElementLocation.java:59)
	at org.openqa.selenium.remote.RemoteWebDriver.findElement(RemoteWebDriver.java:360)
	at org.openqa.selenium.remote.RemoteWebDriver.findElement(RemoteWebDriver.java:354)
	at org.openqa.selenium.support.pagefactory.DefaultElementLocator.findElement(DefaultElementLocator.java:68)
	at org.openqa.selenium.support.pagefactory.internal.LocatingElementHandler.invoke(LocatingElementHandler.java:38)
	at jdk.proxy2/jdk.proxy2.$Proxy29.getText(Unknown Source)
	at com.nopcommerce.demo.utility.Utility.getTextFromElement(Utility.java:63)
	at com.nopcommerce.demo.pages.RegisterPage.verifyTextRegistrationComplete(RegisterPage.java:139)
	at com.nopcommerce.demo.steps.RegisterSteps.iShouldNavigateToTheHomePageSuccessfullyAndGetMessage(RegisterSteps.java:82)
	at ✽.I should navigate to the Home page successfully and get message "Your registration completed"(file:///C:/Users/khyat/IdeaProjects/nop-commerce-demo-cucumber-sw-6/src/test/resources/features/register.feature:35)
</textarea>
      
      </div>
                  </div>
                  <div class="step pass-bg">
                    <span>com.nopcommerce.demo.steps.Hook.tearDown(io.cucumber.java.Scenario)</span>
      <div>User should create account successfully
          <div class="row mb-3"><div class="col-md-3">
<img data-featherlight='../screenshots/embedded5.png' src="../screenshots/embedded5.png">
    
    </div></div>
</div>
      <div>
      </div>
                  </div>
              </div>
            </div>
            <div class="card-body l1">
              <div class="card-header">
                <div class="card-title outline-child">
                  <div class="node" id="105"><span class="badge log fail-bg mr-2">Fail</span>User should create account successfully</div>
                    <div class="status-avatar float-right">
                      <i class="fa fa-paperclip"></i>
                    </div>
                </div>
              </div>
              <div class="card-body mt-3 ">
                  <div class="step pass-bg">
                    <span>Given I am on homepage</span>
      <div>
      </div>
                  </div>
                  <div class="step pass-bg">
                    <span>When I click on register link</span>
      <div>
      </div>
                  </div>
                  <div class="step pass-bg">
                    <span>And I click on radio button "Male"</span>
      <div>
      </div>
                  </div>
                  <div class="step pass-bg">
                    <span>And I enter "Sanket" in first name field</span>
      <div>
      </div>
                  </div>
                  <div class="step pass-bg">
                    <span>And I enter "Savla" in last name field</span>
      <div>
      </div>
                  </div>
                  <div class="step pass-bg">
                    <span>And I select "2" from day dropdown</span>
      <div>
      </div>
                  </div>
                  <div class="step pass-bg">
                    <span>And I select "March" from month dropdown</span>
      <div>
      </div>
                  </div>
                  <div class="step pass-bg">
                    <span>And I select "1987" from year dropdown</span>
      <div>
      </div>
                  </div>
                  <div class="step pass-bg">
                    <span>And I enter "sanketsavla01@gmail.com" in Email id field</span>
      <div>
      </div>
                  </div>
                  <div class="step pass-bg">
                    <span>And I enter "sanket123" in password field</span>
      <div>
      </div>
                  </div>
                  <div class="step pass-bg">
                    <span>And I User enter "sanket123" in confirm password field</span>
      <div>
      </div>
                  </div>
                  <div class="step pass-bg">
                    <span>And I click on register button again</span>
      <div>
      </div>
                  </div>
                  <div class="step fail-bg">
                    <span>Then I should navigate to the Home page successfully and get message "Your registration completed"</span>
      <div>
        <textarea disabled class="code-block">org.openqa.selenium.NoSuchElementException: no such element: Unable to locate element: {"method":"xpath","selector":"//div[contains(text(),'Your registration completed')]"}
  (Session info: chrome=120.0.6099.110)
For documentation on this error, please visit: https://www.selenium.dev/documentation/webdriver/troubleshooting/errors#no-such-element-exception
Build info: version: '4.16.0', revision: '15400459dd*'
System info: os.name: 'Windows 10', os.arch: 'amd64', os.version: '10.0', java.version: '17.0.8'
Driver info: org.openqa.selenium.chrome.ChromeDriver
Command: [60805238cfe2936ebdb35be2da810ad3, findElement {using=xpath, value=//div[contains(text(),'Your registration completed')]}]
Capabilities {acceptInsecureCerts: false, browserName: chrome, browserVersion: 120.0.6099.110, chrome: {chromedriverVersion: 120.0.6099.109 (3419140ab66..., userDataDir: C:\Users\khyat\AppData\Loca...}, fedcm:accounts: true, goog:chromeOptions: {debuggerAddress: localhost:53162}, networkConnectionEnabled: false, pageLoadStrategy: normal, platformName: windows, proxy: Proxy(), se:cdp: ws://localhost:53162/devtoo..., se:cdpVersion: 120.0.6099.110, setWindowRect: true, strictFileInteractability: false, timeouts: {implicit: 0, pageLoad: 300000, script: 30000}, unhandledPromptBehavior: dismiss and notify, webauthn:extension:credBlob: true, webauthn:extension:largeBlob: true, webauthn:extension:minPinLength: true, webauthn:extension:prf: true, webauthn:virtualAuthenticators: true}
Session ID: 60805238cfe2936ebdb35be2da810ad3
	at java.base/jdk.internal.reflect.NativeConstructorAccessorImpl.newInstance0(Native Method)
	at java.base/jdk.internal.reflect.NativeConstructorAccessorImpl.newInstance(NativeConstructorAccessorImpl.java:77)
	at java.base/jdk.internal.reflect.DelegatingConstructorAccessorImpl.newInstance(DelegatingConstructorAccessorImpl.java:45)
	at java.base/java.lang.reflect.Constructor.newInstanceWithCaller(Constructor.java:499)
	at java.base/java.lang.reflect.Constructor.newInstance(Constructor.java:480)
	at org.openqa.selenium.remote.codec.w3c.W3CHttpResponseCodec.createException(W3CHttpResponseCodec.java:200)
	at org.openqa.selenium.remote.codec.w3c.W3CHttpResponseCodec.decode(W3CHttpResponseCodec.java:133)
	at org.openqa.selenium.remote.codec.w3c.W3CHttpResponseCodec.decode(W3CHttpResponseCodec.java:52)
	at org.openqa.selenium.remote.HttpCommandExecutor.execute(HttpCommandExecutor.java:191)
	at org.openqa.selenium.remote.service.DriverCommandExecutor.invokeExecute(DriverCommandExecutor.java:200)
	at org.openqa.selenium.remote.service.DriverCommandExecutor.execute(DriverCommandExecutor.java:175)
	at org.openqa.selenium.remote.RemoteWebDriver.execute(RemoteWebDriver.java:523)
	at org.openqa.selenium.remote.ElementLocation$ElementFinder$2.findElement(ElementLocation.java:165)
	at org.openqa.selenium.remote.ElementLocation.findElement(ElementLocation.java:59)
	at org.openqa.selenium.remote.RemoteWebDriver.findElement(RemoteWebDriver.java:360)
	at org.openqa.selenium.remote.RemoteWebDriver.findElement(RemoteWebDriver.java:354)
	at org.openqa.selenium.support.pagefactory.DefaultElementLocator.findElement(DefaultElementLocator.java:68)
	at org.openqa.selenium.support.pagefactory.internal.LocatingElementHandler.invoke(LocatingElementHandler.java:38)
	at jdk.proxy2/jdk.proxy2.$Proxy29.getText(Unknown Source)
	at com.nopcommerce.demo.utility.Utility.getTextFromElement(Utility.java:63)
	at com.nopcommerce.demo.pages.RegisterPage.verifyTextRegistrationComplete(RegisterPage.java:139)
	at com.nopcommerce.demo.steps.RegisterSteps.iShouldNavigateToTheHomePageSuccessfullyAndGetMessage(RegisterSteps.java:82)
	at ✽.I should navigate to the Home page successfully and get message "Your registration completed"(file:///C:/Users/khyat/IdeaProjects/nop-commerce-demo-cucumber-sw-6/src/test/resources/features/register.feature:35)
</textarea>
      
      </div>
                  </div>
                  <div class="step pass-bg">
                    <span>com.nopcommerce.demo.steps.Hook.tearDown(io.cucumber.java.Scenario)</span>
      <div>User should create account successfully
          <div class="row mb-3"><div class="col-md-3">
<img data-featherlight='../screenshots/embedded6.png' src="../screenshots/embedded6.png">
    
    </div></div>
</div>
      <div>
      </div>
                  </div>
              </div>
            </div>
            <div class="card-body l1">
              <div class="card-header">
                <div class="card-title outline-child">
                  <div class="node" id="121"><span class="badge log fail-bg mr-2">Fail</span>User should create account successfully</div>
                    <div class="status-avatar float-right">
                      <i class="fa fa-paperclip"></i>
                    </div>
                </div>
              </div>
              <div class="card-body mt-3 ">
                  <div class="step pass-bg">
                    <span>Given I am on homepage</span>
      <div>
      </div>
                  </div>
                  <div class="step pass-bg">
                    <span>When I click on register link</span>
      <div>
      </div>
                  </div>
                  <div class="step pass-bg">
                    <span>And I click on radio button "Male"</span>
      <div>
      </div>
                  </div>
                  <div class="step pass-bg">
                    <span>And I enter "Jiyan" in first name field</span>
      <div>
      </div>
                  </div>
                  <div class="step pass-bg">
                    <span>And I enter "Savla" in last name field</span>
      <div>
      </div>
                  </div>
                  <div class="step pass-bg">
                    <span>And I select "3" from day dropdown</span>
      <div>
      </div>
                  </div>
                  <div class="step pass-bg">
                    <span>And I select "April" from month dropdown</span>
      <div>
      </div>
                  </div>
                  <div class="step pass-bg">
                    <span>And I select "2017" from year dropdown</span>
      <div>
      </div>
                  </div>
                  <div class="step pass-bg">
                    <span>And I enter "jiyansavla01@gmail.com" in Email id field</span>
      <div>
      </div>
                  </div>
                  <div class="step pass-bg">
                    <span>And I enter "jiyan123" in password field</span>
      <div>
      </div>
                  </div>
                  <div class="step pass-bg">
                    <span>And I User enter "jiyan123" in confirm password field</span>
      <div>
      </div>
                  </div>
                  <div class="step pass-bg">
                    <span>And I click on register button again</span>
      <div>
      </div>
                  </div>
                  <div class="step fail-bg">
                    <span>Then I should navigate to the Home page successfully and get message "Your registration completed"</span>
      <div>
        <textarea disabled class="code-block">org.openqa.selenium.NoSuchElementException: no such element: Unable to locate element: {"method":"xpath","selector":"//div[contains(text(),'Your registration completed')]"}
  (Session info: chrome=120.0.6099.110)
For documentation on this error, please visit: https://www.selenium.dev/documentation/webdriver/troubleshooting/errors#no-such-element-exception
Build info: version: '4.16.0', revision: '15400459dd*'
System info: os.name: 'Windows 10', os.arch: 'amd64', os.version: '10.0', java.version: '17.0.8'
Driver info: org.openqa.selenium.chrome.ChromeDriver
Command: [4122855c3074b5f3c772492015fcf7d9, findElement {using=xpath, value=//div[contains(text(),'Your registration completed')]}]
Capabilities {acceptInsecureCerts: false, browserName: chrome, browserVersion: 120.0.6099.110, chrome: {chromedriverVersion: 120.0.6099.109 (3419140ab66..., userDataDir: C:\Users\khyat\AppData\Loca...}, fedcm:accounts: true, goog:chromeOptions: {debuggerAddress: localhost:53182}, networkConnectionEnabled: false, pageLoadStrategy: normal, platformName: windows, proxy: Proxy(), se:cdp: ws://localhost:53182/devtoo..., se:cdpVersion: 120.0.6099.110, setWindowRect: true, strictFileInteractability: false, timeouts: {implicit: 0, pageLoad: 300000, script: 30000}, unhandledPromptBehavior: dismiss and notify, webauthn:extension:credBlob: true, webauthn:extension:largeBlob: true, webauthn:extension:minPinLength: true, webauthn:extension:prf: true, webauthn:virtualAuthenticators: true}
Session ID: 4122855c3074b5f3c772492015fcf7d9
	at java.base/jdk.internal.reflect.NativeConstructorAccessorImpl.newInstance0(Native Method)
	at java.base/jdk.internal.reflect.NativeConstructorAccessorImpl.newInstance(NativeConstructorAccessorImpl.java:77)
	at java.base/jdk.internal.reflect.DelegatingConstructorAccessorImpl.newInstance(DelegatingConstructorAccessorImpl.java:45)
	at java.base/java.lang.reflect.Constructor.newInstanceWithCaller(Constructor.java:499)
	at java.base/java.lang.reflect.Constructor.newInstance(Constructor.java:480)
	at org.openqa.selenium.remote.codec.w3c.W3CHttpResponseCodec.createException(W3CHttpResponseCodec.java:200)
	at org.openqa.selenium.remote.codec.w3c.W3CHttpResponseCodec.decode(W3CHttpResponseCodec.java:133)
	at org.openqa.selenium.remote.codec.w3c.W3CHttpResponseCodec.decode(W3CHttpResponseCodec.java:52)
	at org.openqa.selenium.remote.HttpCommandExecutor.execute(HttpCommandExecutor.java:191)
	at org.openqa.selenium.remote.service.DriverCommandExecutor.invokeExecute(DriverCommandExecutor.java:200)
	at org.openqa.selenium.remote.service.DriverCommandExecutor.execute(DriverCommandExecutor.java:175)
	at org.openqa.selenium.remote.RemoteWebDriver.execute(RemoteWebDriver.java:523)
	at org.openqa.selenium.remote.ElementLocation$ElementFinder$2.findElement(ElementLocation.java:165)
	at org.openqa.selenium.remote.ElementLocation.findElement(ElementLocation.java:59)
	at org.openqa.selenium.remote.RemoteWebDriver.findElement(RemoteWebDriver.java:360)
	at org.openqa.selenium.remote.RemoteWebDriver.findElement(RemoteWebDriver.java:354)
	at org.openqa.selenium.support.pagefactory.DefaultElementLocator.findElement(DefaultElementLocator.java:68)
	at org.openqa.selenium.support.pagefactory.internal.LocatingElementHandler.invoke(LocatingElementHandler.java:38)
	at jdk.proxy2/jdk.proxy2.$Proxy29.getText(Unknown Source)
	at com.nopcommerce.demo.utility.Utility.getTextFromElement(Utility.java:63)
	at com.nopcommerce.demo.pages.RegisterPage.verifyTextRegistrationComplete(RegisterPage.java:139)
	at com.nopcommerce.demo.steps.RegisterSteps.iShouldNavigateToTheHomePageSuccessfullyAndGetMessage(RegisterSteps.java:82)
	at ✽.I should navigate to the Home page successfully and get message "Your registration completed"(file:///C:/Users/khyat/IdeaProjects/nop-commerce-demo-cucumber-sw-6/src/test/resources/features/register.feature:35)
</textarea>
      
      </div>
                  </div>
                  <div class="step pass-bg">
                    <span>com.nopcommerce.demo.steps.Hook.tearDown(io.cucumber.java.Scenario)</span>
      <div>User should create account successfully
          <div class="row mb-3"><div class="col-md-3">
<img data-featherlight='../screenshots/embedded7.png' src="../screenshots/embedded7.png">
    
    </div></div>
</div>
      <div>
      </div>
                  </div>
              </div>
            </div>
        </div>
  </div>
</div>
          </div>
        </li>
      </ul>
    </div>
  </div>
<div class="test-content scrollable">
<div class="test-content-tools">
<ul><li><a class="back-to-test" href="#"><i class="fa fa-arrow-left"></i></a></li></ul>
</div>
<div class="test-content-detail"><div class="detail-body"></div></div>
</div></div>
<div class="test-wrapper row view category-view attributes-view">
<div class="test-list">
<div class="test-list-tools">
<ul class="tools pull-left"><li><a href=""><span class="font-size-14">Category</span></a></li></ul>
<ul class="tools text-right"><li><a href="#"><span class="badge badge-primary">1</span></a></li></ul>
</div>
<div class="test-list-wrapper scrollable">
<ul class="test-list-item">
<li class="test-item">
<div class="test-detail">
<span class="meta">
<span class='badge log pass-bg'>3</span>
<span class='badge log badge-danger'>7</span>
</span>
<p class="name">@regression</p>
<p class="duration text-sm">10 tests</p>
</div>
<div class="test-contents d-none">
<div class="info">
<h4>@regression</h4>
<span status="pass" class='badge log pass-bg'>3 passed</span>
<span status="fail" class='badge log badge-danger'>7 failed</span>
</div>
<table class='table table-sm mt-4'>
<thead>
<tr>
<th class="status-col">Status</th>
<th class="timestamp-col">Timestamp</th>
<th>TestName</th>
</tr>
</thead>
<tbody>
<tr class="tag-test-status" status="fail">
<td><span class="badge log fail-bg">Fail</span></td>
<td>22:21:37 pm</td>
<td>
<a href="#" class="linked" test-id='1' id='3'>verify That User Should Build Your Own Computer And Add Them To Cart Successfully</a>
<div class="">
<span class="badge badge-default">Computer Page.verify That User Should Build Your Own Computer And Add Them To Cart Successfully</span>
</div>
</td>
</tr>
<tr class="tag-test-status" status="fail">
<td><span class="badge log fail-bg">Fail</span></td>
<td>22:21:45 pm</td>
<td>
<a href="#" class="linked" test-id='1' id='18'>verify That User Should Build Your Own Computer And Add Them To Cart Successfully</a>
<div class="">
<span class="badge badge-default">Computer Page.verify That User Should Build Your Own Computer And Add Them To Cart Successfully</span>
</div>
</td>
</tr>
<tr class="tag-test-status" status="fail">
<td><span class="badge log fail-bg">Fail</span></td>
<td>22:21:51 pm</td>
<td>
<a href="#" class="linked" test-id='1' id='33'>verify That User Should Build Your Own Computer And Add Them To Cart Successfully</a>
<div class="">
<span class="badge badge-default">Computer Page.verify That User Should Build Your Own Computer And Add Them To Cart Successfully</span>
</div>
</td>
</tr>
<tr class="tag-test-status" status="fail">
<td><span class="badge log fail-bg">Fail</span></td>
<td>22:21:57 pm</td>
<td>
<a href="#" class="linked" test-id='48' id='50'>Verify the error message with invalid credentials</a>
<div class="">
<span class="badge badge-default">Login Feature.Verify the error message with invalid credentials</span>
</div>
</td>
</tr>
<tr class="tag-test-status" status="pass">
<td><span class="badge log pass-bg">Pass</span></td>
<td>22:22:01 pm</td>
<td>
<a href="#" class="linked" test-id='48' id='59'>Verify the error message with invalid credentials</a>
<div class="">
<span class="badge badge-default">Login Feature.Verify the error message with invalid credentials</span>
</div>
</td>
</tr>
<tr class="tag-test-status" status="pass">
<td><span class="badge log pass-bg">Pass</span></td>
<td>22:22:07 pm</td>
<td>
<a href="#" class="linked" test-id='48' id='68'>Verify the error message with invalid credentials</a>
<div class="">
<span class="badge badge-default">Login Feature.Verify the error message with invalid credentials</span>
</div>
</td>
</tr>
<tr class="tag-test-status" status="pass">
<td><span class="badge log pass-bg">Pass</span></td>
<td>22:22:11 pm</td>
<td>
<a href="#" class="linked" test-id='48' id='77'>VerifyThatUserShouldLogOutSuccessFully</a>
<div class="">
<span class="badge badge-default">Login Feature.VerifyThatUserShouldLogOutSuccessFully</span>
</div>
</td>
</tr>
<tr class="tag-test-status" status="fail">
<td><span class="badge log fail-bg">Fail</span></td>
<td>22:22:16 pm</td>
<td>
<a href="#" class="linked" test-id='87' id='89'>User should create account successfully</a>
<div class="">
<span class="badge badge-default">Register Feature.User should create account successfully</span>
</div>
</td>
</tr>
<tr class="tag-test-status" status="fail">
<td><span class="badge log fail-bg">Fail</span></td>
<td>22:22:44 pm</td>
<td>
<a href="#" class="linked" test-id='87' id='105'>User should create account successfully</a>
<div class="">
<span class="badge badge-default">Register Feature.User should create account successfully</span>
</div>
</td>
</tr>
<tr class="tag-test-status" status="fail">
<td><span class="badge log fail-bg">Fail</span></td>
<td>22:23:10 pm</td>
<td>
<a href="#" class="linked" test-id='87' id='121'>User should create account successfully</a>
<div class="">
<span class="badge badge-default">Register Feature.User should create account successfully</span>
</div>
</td>
</tr>
</tbody>
</table>
</div>
</li>
</ul>
</div>
</div>
<div class="test-content scrollable">
<div class="test-content-detail">
<div class="detail-body"></div>
</div>
</div>
</div><div class="test-wrapper row view exception-view attributes-view">
<div class="test-list">
<div class="test-list-tools">
<ul class="tools pull-left"><li><a href=""><span class="font-size-14">Exception</span></a></li></ul>
<ul class="tools text-right"><li><a href="#"><span class="badge badge-primary">2</span></a></li></ul>
</div>
<div class="test-list-wrapper scrollable">
<ul class="test-list-item">
<li class="test-item">
<div class="test-detail">
<span class="meta">
<span class='badge log badge-danger'>3</span>
</span>
<p class="name">org.openqa.selenium.NoSuchElementException</p>
<p class="duration text-sm">3 tests</p>
</div>
<div class="test-contents d-none">
<div class="info">
<h4>org.openqa.selenium.NoSuchElementException</h4>
<span status="fail" class='badge log badge-danger'>3 failed</span>
</div>
<table class='table table-sm mt-4'>
<thead>
<tr>
<th class="status-col">Status</th>
<th class="timestamp-col">Timestamp</th>
<th>TestName</th>
</tr>
</thead>
<tbody>
<tr class="tag-test-status" status="fail">
<td><span class="badge log fail-bg">Fail</span></td>
<td>22:22:24 pm</td>
<td>
<a href="#" class="linked" test-id='87' id='103'>Then I should navigate to the Home page successfully and get message "Your registration completed"</a>
<div class="">
<span class="badge badge-default">Register Feature.User should create account successfully.Then I should navigate to the Home page successfully and get message "Your registration completed"</span>
</div>
</td>
</tr>
<tr class="tag-test-status" status="fail">
<td><span class="badge log fail-bg">Fail</span></td>
<td>22:22:50 pm</td>
<td>
<a href="#" class="linked" test-id='87' id='119'>Then I should navigate to the Home page successfully and get message "Your registration completed"</a>
<div class="">
<span class="badge badge-default">Register Feature.User should create account successfully.Then I should navigate to the Home page successfully and get message "Your registration completed"</span>
</div>
</td>
</tr>
<tr class="tag-test-status" status="fail">
<td><span class="badge log fail-bg">Fail</span></td>
<td>22:23:16 pm</td>
<td>
<a href="#" class="linked" test-id='87' id='135'>Then I should navigate to the Home page successfully and get message "Your registration completed"</a>
<div class="">
<span class="badge badge-default">Register Feature.User should create account successfully.Then I should navigate to the Home page successfully and get message "Your registration completed"</span>
</div>
</td>
</tr>
</tbody>
</table>
</div>
</li>
<li class="test-item">
<div class="test-detail">
<span class="meta">
<span class='badge log badge-danger'>4</span>
</span>
<p class="name">java.lang.AssertionError</p>
<p class="duration text-sm">4 tests</p>
</div>
<div class="test-contents d-none">
<div class="info">
<h4>java.lang.AssertionError</h4>
<span status="fail" class='badge log badge-danger'>4 failed</span>
</div>
<table class='table table-sm mt-4'>
<thead>
<tr>
<th class="status-col">Status</th>
<th class="timestamp-col">Timestamp</th>
<th>TestName</th>
</tr>
</thead>
<tbody>
<tr class="tag-test-status" status="fail">
<td><span class="badge log fail-bg">Fail</span></td>
<td>22:21:44 pm</td>
<td>
<a href="#" class="linked" test-id='1' id='16'>Then I should see product has been added to your shopping cart and get confirmation message</a>
<div class="">
<span class="badge badge-default">Computer Page.verify That User Should Build Your Own Computer And Add Them To Cart Successfully.Then I should see product has been added to your shopping cart and get confirmation message</span>
</div>
</td>
</tr>
<tr class="tag-test-status" status="fail">
<td><span class="badge log fail-bg">Fail</span></td>
<td>22:21:50 pm</td>
<td>
<a href="#" class="linked" test-id='1' id='31'>Then I should see product has been added to your shopping cart and get confirmation message</a>
<div class="">
<span class="badge badge-default">Computer Page.verify That User Should Build Your Own Computer And Add Them To Cart Successfully.Then I should see product has been added to your shopping cart and get confirmation message</span>
</div>
</td>
</tr>
<tr class="tag-test-status" status="fail">
<td><span class="badge log fail-bg">Fail</span></td>
<td>22:21:56 pm</td>
<td>
<a href="#" class="linked" test-id='1' id='46'>Then I should see product has been added to your shopping cart and get confirmation message</a>
<div class="">
<span class="badge badge-default">Computer Page.verify That User Should Build Your Own Computer And Add Them To Cart Successfully.Then I should see product has been added to your shopping cart and get confirmation message</span>
</div>
</td>
</tr>
<tr class="tag-test-status" status="fail">
<td><span class="badge log fail-bg">Fail</span></td>
<td>22:22:00 pm</td>
<td>
<a href="#" class="linked" test-id='48' id='57'>Then I should see the error message "Login was unsuccessful. Please correct the errors and try again.
No customer account found"</a>
<div class="">
<span class="badge badge-default">Login Feature.Verify the error message with invalid credentials.Then I should see the error message "Login was unsuccessful. Please correct the errors and try again.
No customer account found"</span>
</div>
</td>
</tr>
</tbody>
</table>
</div>
</li>
</ul>
</div>
</div>
<div class="test-content scrollable">
<div class="test-content-detail">
<div class="detail-body"></div>
</div>
</div>
</div>        </div>
      </div>
    </div>
  </div>
<script src="https://cdn.jsdelivr.net/gh/extent-framework/extent-github-cdn@d6562a79075e061305ccfdb82f01e5e195e2d307/spark/js/spark-script.js"></script>
<script type="text/javascript"></script></body>
</html>